<?xml version="1.0" encoding="UTF-8"?>
<!-- Generated by org.testng.reporters.JUnitReportReporter -->
<testsuite hostname="IND-LTJaiswal" name="testscripts.TC003_ComparePrdTest" tests="1" failures="0" timestamp="26 Apr 2019 10:48:35 GMT" time="88.174" errors="0">
  <testcase name="testMe" time="88.174" classname="testscripts.TC003_ComparePrdTest"/>
</testsuite> <!-- testscripts.TC003_ComparePrdTest -->
